Microsoft HTML Help Compiler 4.74.8702

Compiling d:\HelpBuild\MOS\Client\MMOS.chm

Account.xml
Agree.htm
CalcRefund.xml
Calculate Refund.wmf
ChildGenericOptions.xml
ChildNotes.xml
ChildProducts.xml
CustAcctSel.xml
Discreps.xml
Finance.xml
GettingStarted\QuickStart.xml
lib\mmos.xsl
mcl.gif
OrderDetails.xml
OrderHistory.xml
OrderMaintenance.xml
Orders.xml
Packing.xml
Splash.xml
SysPolicy.xml
SysOverview.xml
Table of Contents.hhc
Index.hhk

Compile time: 0 minutes, 1 second
18	Topics
2	Local links
0	Internet links
0	Graphics


Created d:\HelpBuild\MOS\Client\MMOS.chm, 43,637 bytes
Compression decreased file by 43,626 bytes.
Microsoft HTML Help Compiler 4.74.8702

Compiling d:\HelpBuild\MOS\Client\MMOS.chm

Account.xml
Agree.htm
CalcRefund.xml
Calculate Refund.wmf
ChildGenericOptions.xml
ChildNotes.xml
ChildProducts.xml
CustAcctSel.xml
Discreps.xml
Finance.xml
GettingStarted\QuickStart.xml
lib\mmos.xsl
mcl.gif
OrderDetails.xml
OrderHistory.xml
OrderMaintenance.xml
Orders.xml
Packing.xml
Splash.xml
SysPolicy.xml
SysOverview.xml
Table of Contents.hhc
Index.hhk

Compile time: 0 minutes, 1 second
18	Topics
2	Local links
0	Internet links
0	Graphics


Created d:\HelpBuild\MOS\Client\MMOS.chm, 43,643 bytes
Compression decreased file by 43,629 bytes.
Microsoft HTML Help Compiler 4.74.8702

Compiling d:\HelpBuild\MOS\Client\MMOS.chm

Account.xml
Agree.htm
CalcRefund.xml
Calculate Refund.wmf
ChildGenericOptions.xml
ChildNotes.xml
ChildProducts.xml
CustAcctSel.xml
Discreps.xml
Finance.xml
GettingStarted\QuickStart.xml
lib\mmos.xsl
mcl.gif
OrderDetails.xml
OrderHistory.xml
OrderMaintenance.xml
Orders.xml
Packing.xml
Splash.xml
SysPolicy.xml
SysOverview.xml
Table of Contents.hhc
Index.hhk

Compile time: 0 minutes, 1 second
18	Topics
2	Local links
0	Internet links
0	Graphics


Created d:\HelpBuild\MOS\Client\MMOS.chm, 43,643 bytes
Compression decreased file by 43,638 bytes.
Microsoft HTML Help Compiler 4.74.8702

Compiling d:\HelpBuild\MOS\Client\MMOS.chm

Account.xml
Agree.htm
CalcRefund.xml
Calculate Refund.wmf
ChildGenericOptions.xml
ChildNotes.xml
ChildProducts.xml
CustAcctSel.xml
Discreps.xml
Finance.xml
GettingStarted\QuickStart.xml
lib\mmos.xsl
mcl.gif
OrderDetails.xml
OrderHistory.xml
OrderMaintenance.xml
Orders.xml
Packing.xml
Splash.xml
SysPolicy.xml
SysOverview.xml
Table of Contents.hhc
Index.hhk

Compile time: 0 minutes, 1 second
18	Topics
2	Local links
0	Internet links
0	Graphics


Created d:\HelpBuild\MOS\Client\MMOS.chm, 43,643 bytes
Compression decreased file by 43,638 bytes.
